2026-01-13 10:10:31.337 [http-nio-8080-exec-3] DEBUG c.zl.security.mapper.UserMapper.findUserVoForLogin - [debug,135] - ==>  Preparing: select * from sys_user where username=?
2026-01-13 10:10:31.383 [http-nio-8080-exec-3] DEBUG c.zl.security.mapper.UserMapper.findUserVoForLogin - [debug,135] - ==> Parameters: lgh(String)
2026-01-13 10:10:31.442 [http-nio-8080-exec-3] DEBUG c.zl.security.mapper.UserMapper.findUserVoForLogin - [debug,135] - <==      Total: 1
2026-01-13 10:10:31.683 [http-nio-8080-exec-3] DEBUG c.z.security.mapper.RoleMapper.getRoleListByUserId - [debug,135] - ==>  Preparing: select distinct sys_role.* from sys_role left join sys_user_role on sys_role.id=sys_user_role.role_id where sys_user_role.user_id=?
2026-01-13 10:10:31.684 [http-nio-8080-exec-3] DEBUG c.z.security.mapper.RoleMapper.getRoleListByUserId - [debug,135] - ==> Parameters: 1(Long)
2026-01-13 10:10:31.699 [http-nio-8080-exec-3] DEBUG c.z.security.mapper.RoleMapper.getRoleListByUserId - [debug,135] - <==      Total: 0
2026-01-13 10:10:31.701 [http-nio-8080-exec-3] DEBUG c.z.security.mapper.RoleMapper.getRoleListByUserId - [debug,135] - ==>  Preparing: select distinct sys_role.* from sys_role left join sys_user_role on sys_role.id=sys_user_role.role_id where sys_user_role.user_id=?
2026-01-13 10:10:31.701 [http-nio-8080-exec-3] DEBUG c.z.security.mapper.RoleMapper.getRoleListByUserId - [debug,135] - ==> Parameters: 1(Long)
2026-01-13 10:10:31.704 [http-nio-8080-exec-3] DEBUG c.z.security.mapper.RoleMapper.getRoleListByUserId - [debug,135] - <==      Total: 0
2026-01-13 10:18:04.281 [http-nio-8080-exec-8] DEBUG c.zl.security.mapper.UserMapper.findUserVoForLogin - [debug,135] - ==>  Preparing: select * from sys_user where username=?
2026-01-13 10:18:04.323 [http-nio-8080-exec-8] DEBUG c.zl.security.mapper.UserMapper.findUserVoForLogin - [debug,135] - ==> Parameters: lgh(String)
2026-01-13 10:18:04.351 [http-nio-8080-exec-8] DEBUG c.zl.security.mapper.UserMapper.findUserVoForLogin - [debug,135] - <==      Total: 1
2026-01-13 10:18:04.550 [http-nio-8080-exec-8] DEBUG c.z.security.mapper.RoleMapper.getRoleListByUserId - [debug,135] - ==>  Preparing: select distinct sys_role.* from sys_role left join sys_user_role on sys_role.id=sys_user_role.role_id where sys_user_role.user_id=?
2026-01-13 10:18:04.552 [http-nio-8080-exec-8] DEBUG c.z.security.mapper.RoleMapper.getRoleListByUserId - [debug,135] - ==> Parameters: 1(Long)
2026-01-13 10:18:04.556 [http-nio-8080-exec-8] DEBUG c.z.security.mapper.RoleMapper.getRoleListByUserId - [debug,135] - <==      Total: 0
2026-01-13 10:18:04.558 [http-nio-8080-exec-8] DEBUG c.z.security.mapper.RoleMapper.getRoleListByUserId - [debug,135] - ==>  Preparing: select distinct sys_role.* from sys_role left join sys_user_role on sys_role.id=sys_user_role.role_id where sys_user_role.user_id=?
2026-01-13 10:18:04.558 [http-nio-8080-exec-8] DEBUG c.z.security.mapper.RoleMapper.getRoleListByUserId - [debug,135] - ==> Parameters: 1(Long)
2026-01-13 10:18:04.561 [http-nio-8080-exec-8] DEBUG c.z.security.mapper.RoleMapper.getRoleListByUserId - [debug,135] - <==      Total: 0
2026-01-13 10:24:41.051 [http-nio-8080-exec-3] DEBUG c.zl.security.mapper.UserMapper.findUserVoForLogin - [debug,135] - ==>  Preparing: select * from sys_user where username=?
2026-01-13 10:24:41.086 [http-nio-8080-exec-3] DEBUG c.zl.security.mapper.UserMapper.findUserVoForLogin - [debug,135] - ==> Parameters: lgh(String)
2026-01-13 10:24:41.128 [http-nio-8080-exec-3] DEBUG c.zl.security.mapper.UserMapper.findUserVoForLogin - [debug,135] - <==      Total: 1
2026-01-13 10:24:41.351 [http-nio-8080-exec-3] DEBUG c.z.security.mapper.RoleMapper.getRoleListByUserId - [debug,135] - ==>  Preparing: select distinct sys_role.* from sys_role left join sys_user_role on sys_role.id=sys_user_role.role_id where sys_user_role.user_id=?
2026-01-13 10:24:41.351 [http-nio-8080-exec-3] DEBUG c.z.security.mapper.RoleMapper.getRoleListByUserId - [debug,135] - ==> Parameters: 1(Long)
2026-01-13 10:24:41.358 [http-nio-8080-exec-3] DEBUG c.z.security.mapper.RoleMapper.getRoleListByUserId - [debug,135] - <==      Total: 0
2026-01-13 10:24:41.361 [http-nio-8080-exec-3] DEBUG c.z.security.mapper.RoleMapper.getRoleListByUserId - [debug,135] - ==>  Preparing: select distinct sys_role.* from sys_role left join sys_user_role on sys_role.id=sys_user_role.role_id where sys_user_role.user_id=?
2026-01-13 10:24:41.362 [http-nio-8080-exec-3] DEBUG c.z.security.mapper.RoleMapper.getRoleListByUserId - [debug,135] - ==> Parameters: 1(Long)
2026-01-13 10:24:41.364 [http-nio-8080-exec-3] DEBUG c.z.security.mapper.RoleMapper.getRoleListByUserId - [debug,135] - <==      Total: 0
2026-01-13 10:24:51.475 [http-nio-8080-exec-5] DEBUG com.zl.security.mapper.UserMapper.getUserNavInfo - [debug,135] - ==>  Preparing: select u.username,u.avatar,u.phone_number,u.email,ur.role_id from sys_user u left join sys_user_role ur on u.id=ur.user_id where u.id=?
2026-01-13 10:24:51.475 [http-nio-8080-exec-5] DEBUG com.zl.security.mapper.UserMapper.getUserNavInfo - [debug,135] - ==> Parameters: 1(Long)
2026-01-13 10:24:51.487 [http-nio-8080-exec-5] DEBUG com.zl.security.mapper.UserMapper.getUserNavInfo - [debug,135] - <==      Total: 1
2026-01-13 10:25:32.097 [http-nio-8080-exec-2] DEBUG c.zl.security.mapper.UserMapper.findUserVoForLogin - [debug,135] - ==>  Preparing: select * from sys_user where username=?
2026-01-13 10:25:32.126 [http-nio-8080-exec-2] DEBUG c.zl.security.mapper.UserMapper.findUserVoForLogin - [debug,135] - ==> Parameters: lgh(String)
2026-01-13 10:25:32.173 [http-nio-8080-exec-2] DEBUG c.zl.security.mapper.UserMapper.findUserVoForLogin - [debug,135] - <==      Total: 1
2026-01-13 10:25:32.398 [http-nio-8080-exec-2] DEBUG c.z.security.mapper.RoleMapper.getRoleListByUserId - [debug,135] - ==>  Preparing: select distinct sys_role.* from sys_role left join sys_user_role on sys_role.id=sys_user_role.role_id where sys_user_role.user_id=?
2026-01-13 10:25:32.399 [http-nio-8080-exec-2] DEBUG c.z.security.mapper.RoleMapper.getRoleListByUserId - [debug,135] - ==> Parameters: 1(Long)
2026-01-13 10:25:32.403 [http-nio-8080-exec-2] DEBUG c.z.security.mapper.RoleMapper.getRoleListByUserId - [debug,135] - <==      Total: 0
2026-01-13 10:25:32.404 [http-nio-8080-exec-2] DEBUG c.z.security.mapper.RoleMapper.getRoleListByUserId - [debug,135] - ==>  Preparing: select distinct sys_role.* from sys_role left join sys_user_role on sys_role.id=sys_user_role.role_id where sys_user_role.user_id=?
2026-01-13 10:25:32.406 [http-nio-8080-exec-2] DEBUG c.z.security.mapper.RoleMapper.getRoleListByUserId - [debug,135] - ==> Parameters: 1(Long)
2026-01-13 10:25:32.409 [http-nio-8080-exec-2] DEBUG c.z.security.mapper.RoleMapper.getRoleListByUserId - [debug,135] - <==      Total: 0
2026-01-13 10:27:04.539 [http-nio-8080-exec-2] DEBUG c.zl.security.mapper.UserMapper.findUserVoForLogin - [debug,135] - ==>  Preparing: select * from sys_user where username=?
2026-01-13 10:27:04.568 [http-nio-8080-exec-2] DEBUG c.zl.security.mapper.UserMapper.findUserVoForLogin - [debug,135] - ==> Parameters: lgh(String)
2026-01-13 10:27:04.605 [http-nio-8080-exec-2] DEBUG c.zl.security.mapper.UserMapper.findUserVoForLogin - [debug,135] - <==      Total: 1
2026-01-13 10:27:04.803 [http-nio-8080-exec-2] DEBUG c.z.security.mapper.RoleMapper.getRoleListByUserId - [debug,135] - ==>  Preparing: select distinct sys_role.* from sys_role left join sys_user_role on sys_role.id=sys_user_role.role_id where sys_user_role.user_id=?
2026-01-13 10:27:04.805 [http-nio-8080-exec-2] DEBUG c.z.security.mapper.RoleMapper.getRoleListByUserId - [debug,135] - ==> Parameters: 1(Long)
2026-01-13 10:27:04.807 [http-nio-8080-exec-2] DEBUG c.z.security.mapper.RoleMapper.getRoleListByUserId - [debug,135] - <==      Total: 0
2026-01-13 10:27:04.809 [http-nio-8080-exec-2] DEBUG c.z.security.mapper.RoleMapper.getRoleListByUserId - [debug,135] - ==>  Preparing: select distinct sys_role.* from sys_role left join sys_user_role on sys_role.id=sys_user_role.role_id where sys_user_role.user_id=?
2026-01-13 10:27:04.810 [http-nio-8080-exec-2] DEBUG c.z.security.mapper.RoleMapper.getRoleListByUserId - [debug,135] - ==> Parameters: 1(Long)
2026-01-13 10:27:04.811 [http-nio-8080-exec-2] DEBUG c.z.security.mapper.RoleMapper.getRoleListByUserId - [debug,135] - <==      Total: 0
2026-01-13 10:31:20.154 [http-nio-8080-exec-2] DEBUG c.zl.security.mapper.UserMapper.findUserVoForLogin - [debug,135] - ==>  Preparing: select * from sys_user where username=?
2026-01-13 10:31:20.188 [http-nio-8080-exec-2] DEBUG c.zl.security.mapper.UserMapper.findUserVoForLogin - [debug,135] - ==> Parameters: lgh(String)
2026-01-13 10:31:20.230 [http-nio-8080-exec-2] DEBUG c.zl.security.mapper.UserMapper.findUserVoForLogin - [debug,135] - <==      Total: 1
2026-01-13 10:31:20.462 [http-nio-8080-exec-2] DEBUG c.z.security.mapper.RoleMapper.getRoleListByUserId - [debug,135] - ==>  Preparing: select distinct sys_role.* from sys_role left join sys_user_role on sys_role.id=sys_user_role.role_id where sys_user_role.user_id=?
2026-01-13 10:31:20.463 [http-nio-8080-exec-2] DEBUG c.z.security.mapper.RoleMapper.getRoleListByUserId - [debug,135] - ==> Parameters: 1(Long)
2026-01-13 10:31:20.468 [http-nio-8080-exec-2] DEBUG c.z.security.mapper.RoleMapper.getRoleListByUserId - [debug,135] - <==      Total: 0
2026-01-13 10:31:20.470 [http-nio-8080-exec-2] DEBUG c.z.security.mapper.RoleMapper.getRoleListByUserId - [debug,135] - ==>  Preparing: select distinct sys_role.* from sys_role left join sys_user_role on sys_role.id=sys_user_role.role_id where sys_user_role.user_id=?
2026-01-13 10:31:20.470 [http-nio-8080-exec-2] DEBUG c.z.security.mapper.RoleMapper.getRoleListByUserId - [debug,135] - ==> Parameters: 1(Long)
2026-01-13 10:31:20.473 [http-nio-8080-exec-2] DEBUG c.z.security.mapper.RoleMapper.getRoleListByUserId - [debug,135] - <==      Total: 0
2026-01-13 10:33:33.220 [http-nio-8080-exec-3] DEBUG c.zl.security.mapper.UserMapper.findUserVoForLogin - [debug,135] - ==>  Preparing: select * from sys_user where username=?
2026-01-13 10:33:33.245 [http-nio-8080-exec-3] DEBUG c.zl.security.mapper.UserMapper.findUserVoForLogin - [debug,135] - ==> Parameters: lgh(String)
2026-01-13 10:33:33.292 [http-nio-8080-exec-3] DEBUG c.zl.security.mapper.UserMapper.findUserVoForLogin - [debug,135] - <==      Total: 1
2026-01-13 10:33:33.503 [http-nio-8080-exec-3] DEBUG c.z.security.mapper.RoleMapper.getRoleListByUserId - [debug,135] - ==>  Preparing: select distinct sys_role.* from sys_role left join sys_user_role on sys_role.id=sys_user_role.role_id where sys_user_role.user_id=?
2026-01-13 10:33:33.503 [http-nio-8080-exec-3] DEBUG c.z.security.mapper.RoleMapper.getRoleListByUserId - [debug,135] - ==> Parameters: 1(Long)
2026-01-13 10:33:33.507 [http-nio-8080-exec-3] DEBUG c.z.security.mapper.RoleMapper.getRoleListByUserId - [debug,135] - <==      Total: 0
2026-01-13 10:33:33.509 [http-nio-8080-exec-3] DEBUG c.z.security.mapper.RoleMapper.getRoleListByUserId - [debug,135] - ==>  Preparing: select distinct sys_role.* from sys_role left join sys_user_role on sys_role.id=sys_user_role.role_id where sys_user_role.user_id=?
2026-01-13 10:33:33.510 [http-nio-8080-exec-3] DEBUG c.z.security.mapper.RoleMapper.getRoleListByUserId - [debug,135] - ==> Parameters: 1(Long)
2026-01-13 10:33:33.513 [http-nio-8080-exec-3] DEBUG c.z.security.mapper.RoleMapper.getRoleListByUserId - [debug,135] - <==      Total: 0
2026-01-13 10:38:43.022 [http-nio-8080-exec-3] DEBUG c.zl.security.mapper.UserMapper.findUserVoForLogin - [debug,135] - ==>  Preparing: select * from sys_user where username=?
2026-01-13 10:38:43.075 [http-nio-8080-exec-3] DEBUG c.zl.security.mapper.UserMapper.findUserVoForLogin - [debug,135] - ==> Parameters: lgh(String)
2026-01-13 10:38:43.129 [http-nio-8080-exec-3] DEBUG c.zl.security.mapper.UserMapper.findUserVoForLogin - [debug,135] - <==      Total: 1
2026-01-13 10:38:43.401 [http-nio-8080-exec-3] DEBUG c.z.security.mapper.RoleMapper.getRoleListByUserId - [debug,135] - ==>  Preparing: select distinct sys_role.* from sys_role left join sys_user_role on sys_role.id=sys_user_role.role_id where sys_user_role.user_id=?
2026-01-13 10:38:43.403 [http-nio-8080-exec-3] DEBUG c.z.security.mapper.RoleMapper.getRoleListByUserId - [debug,135] - ==> Parameters: 1(Long)
2026-01-13 10:38:43.410 [http-nio-8080-exec-3] DEBUG c.z.security.mapper.RoleMapper.getRoleListByUserId - [debug,135] - <==      Total: 0
2026-01-13 10:38:43.413 [http-nio-8080-exec-3] DEBUG c.z.security.mapper.RoleMapper.getRoleListByUserId - [debug,135] - ==>  Preparing: select distinct sys_role.* from sys_role left join sys_user_role on sys_role.id=sys_user_role.role_id where sys_user_role.user_id=?
2026-01-13 10:38:43.413 [http-nio-8080-exec-3] DEBUG c.z.security.mapper.RoleMapper.getRoleListByUserId - [debug,135] - ==> Parameters: 1(Long)
2026-01-13 10:38:43.420 [http-nio-8080-exec-3] DEBUG c.z.security.mapper.RoleMapper.getRoleListByUserId - [debug,135] - <==      Total: 0
2026-01-13 10:42:26.032 [http-nio-8080-exec-7] DEBUG c.zl.security.mapper.UserMapper.findUserVoForLogin - [debug,135] - ==>  Preparing: select * from sys_user where username=?
2026-01-13 10:42:26.076 [http-nio-8080-exec-7] DEBUG c.zl.security.mapper.UserMapper.findUserVoForLogin - [debug,135] - ==> Parameters: lgh(String)
2026-01-13 10:42:26.125 [http-nio-8080-exec-7] DEBUG c.zl.security.mapper.UserMapper.findUserVoForLogin - [debug,135] - <==      Total: 1
2026-01-13 10:42:26.379 [http-nio-8080-exec-7] DEBUG c.z.security.mapper.RoleMapper.getRoleListByUserId - [debug,135] - ==>  Preparing: select distinct sys_role.* from sys_role left join sys_user_role on sys_role.id=sys_user_role.role_id where sys_user_role.user_id=?
2026-01-13 10:42:26.380 [http-nio-8080-exec-7] DEBUG c.z.security.mapper.RoleMapper.getRoleListByUserId - [debug,135] - ==> Parameters: 1(Long)
2026-01-13 10:42:26.386 [http-nio-8080-exec-7] DEBUG c.z.security.mapper.RoleMapper.getRoleListByUserId - [debug,135] - <==      Total: 0
2026-01-13 10:42:26.388 [http-nio-8080-exec-7] DEBUG c.z.security.mapper.RoleMapper.getRoleListByUserId - [debug,135] - ==>  Preparing: select distinct sys_role.* from sys_role left join sys_user_role on sys_role.id=sys_user_role.role_id where sys_user_role.user_id=?
2026-01-13 10:42:26.389 [http-nio-8080-exec-7] DEBUG c.z.security.mapper.RoleMapper.getRoleListByUserId - [debug,135] - ==> Parameters: 1(Long)
2026-01-13 10:42:26.392 [http-nio-8080-exec-7] DEBUG c.z.security.mapper.RoleMapper.getRoleListByUserId - [debug,135] - <==      Total: 0
2026-01-13 10:42:51.428 [http-nio-8080-exec-4] DEBUG com.zl.security.mapper.UserMapper.getUserNavInfo - [debug,135] - ==>  Preparing: select u.username,u.avatar,u.phone_number,u.email,ur.role_id from sys_user u left join sys_user_role ur on u.id=ur.user_id where u.id=?
2026-01-13 10:42:51.430 [http-nio-8080-exec-4] DEBUG com.zl.security.mapper.UserMapper.getUserNavInfo - [debug,135] - ==> Parameters: 1(Long)
2026-01-13 10:42:51.434 [http-nio-8080-exec-4] DEBUG com.zl.security.mapper.UserMapper.getUserNavInfo - [debug,135] - <==      Total: 1
2026-01-13 17:29:54.338 [http-nio-8080-exec-1] DEBUG c.zl.security.mapper.UserMapper.findUserVoForLogin - [debug,135] - ==>  Preparing: select * from sys_user where username=?
2026-01-13 17:29:54.383 [http-nio-8080-exec-1] DEBUG c.zl.security.mapper.UserMapper.findUserVoForLogin - [debug,135] - ==> Parameters: lgh(String)
2026-01-13 17:29:54.560 [http-nio-8080-exec-1] DEBUG c.zl.security.mapper.UserMapper.findUserVoForLogin - [debug,135] - <==      Total: 1
2026-01-13 17:29:54.845 [http-nio-8080-exec-1] DEBUG c.z.security.mapper.RoleMapper.getRoleListByUserId - [debug,135] - ==>  Preparing: select distinct sys_role.* from sys_role left join sys_user_role on sys_role.id=sys_user_role.role_id where sys_user_role.user_id=?
2026-01-13 17:29:54.846 [http-nio-8080-exec-1] DEBUG c.z.security.mapper.RoleMapper.getRoleListByUserId - [debug,135] - ==> Parameters: 1(Long)
2026-01-13 17:29:54.877 [http-nio-8080-exec-1] DEBUG c.z.security.mapper.RoleMapper.getRoleListByUserId - [debug,135] - <==      Total: 0
2026-01-13 17:29:54.879 [http-nio-8080-exec-1] DEBUG c.z.security.mapper.RoleMapper.getRoleListByUserId - [debug,135] - ==>  Preparing: select distinct sys_role.* from sys_role left join sys_user_role on sys_role.id=sys_user_role.role_id where sys_user_role.user_id=?
2026-01-13 17:29:54.880 [http-nio-8080-exec-1] DEBUG c.z.security.mapper.RoleMapper.getRoleListByUserId - [debug,135] - ==> Parameters: 1(Long)
2026-01-13 17:29:54.882 [http-nio-8080-exec-1] DEBUG c.z.security.mapper.RoleMapper.getRoleListByUserId - [debug,135] - <==      Total: 0
